2025-08-09 18:51:24,027 - INFO - routers.router - Authorization header: Bearer 39060f36f127a425dd18def07971689e5f43460ed969f36b2b52f5d2270a3677
2025-08-09 18:51:24,030 - INFO - services.vectordb_manager - Collection for '9c4e52cd01...' found with 87 items. Indexed: True
2025-08-09 18:51:24,031 - INFO - routers.router - Received new request for document: https://hackrx.blob.core.windows.net/assets/Arogya%20Sanjeevani%20Policy%20-%20CIN%20-%20U10200WB1906GOI001713%201.pdf?sv=2023-01-03&st=2025-07-21T08%3A29%3A02Z&se=2025-09-22T08%3A29%3A00Z&sr=b&sp=r&sig=nzrz1K9Iurt%2BBXom%2FB%2BMPTFMFP3PRnIvEsipAX10Ig4%3D
2025-08-09 18:51:24,031 - INFO - routers.router - Number of questions received: 4
2025-08-09 18:51:24,031 - INFO - routers.router - Document already exists. Skipping indexing.
2025-08-09 18:51:24,031 - INFO - routers.router - Processing question: When will my root canal claim of Rs 25,000 be settled?
2025-08-09 18:51:24,031 - INFO - routers.router - Processing question: I have done an IVF for Rs 56,000. Is it covered?
2025-08-09 18:51:24,031 - INFO - routers.router - Processing question: I did a cataract treatment of Rs 100,000. Will you settle the full Rs 100,000?
2025-08-09 18:51:24,032 - INFO - routers.router - Processing question: Give me a list of documents to be uploaded for hospitalization for heart surgery.
2025-08-09 18:51:24,032 - INFO - services.vectordb_manager - Querying collection '9c4e52cd01...' for: 'When will my root canal claim of Rs 25,0...'
2025-08-09 18:51:24,033 - INFO - services.vectordb_manager - Querying collection '9c4e52cd01...' for: 'I have done an IVF for Rs 56,000. Is it ...'
2025-08-09 18:51:24,036 - INFO - services.vectordb_manager - Querying collection '9c4e52cd01...' for: 'I did a cataract treatment of Rs 100,000...'
2025-08-09 18:51:24,037 - INFO - services.vectordb_manager - Querying collection '9c4e52cd01...' for: 'Give me a list of documents to be upload...'
2025-08-09 18:51:28,826 - INFO - routers.router - All questions processed successfully.
2025-08-09 18:51:35,361 - INFO - routers.router - Authorization header: Bearer 39060f36f127a425dd18def07971689e5f43460ed969f36b2b52f5d2270a3677
2025-08-09 18:51:35,363 - INFO - services.vectordb_manager - Collection for '9c4e52cd01...' found with 87 items. Indexed: True
2025-08-09 18:51:35,363 - INFO - routers.router - Received new request for document: https://hackrx.blob.core.windows.net/assets/Arogya%20Sanjeevani%20Policy%20-%20CIN%20-%20U10200WB1906GOI001713%201.pdf?sv=2023-01-03&st=2025-07-21T08%3A29%3A02Z&se=2025-09-22T08%3A29%3A00Z&sr=b&sp=r&sig=nzrz1K9Iurt%2BBXom%2FB%2BMPTFMFP3PRnIvEsipAX10Ig4%3D
2025-08-09 18:51:35,363 - INFO - routers.router - Number of questions received: 1
2025-08-09 18:51:35,363 - INFO - routers.router - Document already exists. Skipping indexing.
2025-08-09 18:51:35,364 - INFO - routers.router - Processing question: I have raised a claim for hospitalization for Rs 200,000 with HDFC, and it's approved. My total expenses are Rs 250,000. Can I raise the remaining Rs 50,000 with you?
2025-08-09 18:51:35,364 - INFO - services.vectordb_manager - Querying collection '9c4e52cd01...' for: 'I have raised a claim for hospitalizatio...'
2025-08-09 18:51:38,428 - INFO - routers.router - All questions processed successfully.
2025-08-09 18:51:41,248 - INFO - routers.router - Authorization header: Bearer 39060f36f127a425dd18def07971689e5f43460ed969f36b2b52f5d2270a3677
2025-08-09 18:51:41,250 - INFO - services.vectordb_manager - Collection for namespace '0e0f14a365...' not found.
2025-08-09 18:51:41,250 - INFO - routers.router - Received new request for document: https://hackrx.blob.core.windows.net/assets/Super_Splendor_(Feb_2023).pdf?sv=2023-01-03&st=2025-07-21T08%3A10%3A00Z&se=2025-09-22T08%3A10%3A00Z&sr=b&sp=r&sig=vhHrl63YtrEOCsAy%2BpVKr20b3ZUo5HMz1lF9%2BJh6LQ0%3D
2025-08-09 18:51:41,250 - INFO - routers.router - Number of questions received: 5
2025-08-09 18:51:41,250 - INFO - routers.router - Indexing document for namespace: 0e0f14a365b4ac664af88cc3f8f8469b5787625cc86d4b02d4ebff582504a32d
2025-08-09 18:51:41,250 - INFO - services.file_loader - Downloading file from https://hackrx.blob.core.windows.net/assets/Super_Splendor_(Feb_2023).pdf?sv=2023-01-03&st=2025-07-21T08%3A10%3A00Z&se=2025-09-22T08%3A10%3A00Z&sr=b&sp=r&sig=vhHrl63YtrEOCsAy%2BpVKr20b3ZUo5HMz1lF9%2BJh6LQ0%3D
2025-08-09 18:51:41,251 - INFO - services.pdf_loader - Downloading PDF
2025-08-09 18:51:41,938 - INFO - services.pdf_loader - PDF text extraction complete.
2025-08-09 18:51:41,955 - INFO - services.vectordb_manager - Indexing 129 chunks into collection: '0e0f14a365...'
2025-08-09 18:51:47,117 - INFO - services.vectordb_manager - Indexing complete.
2025-08-09 18:51:47,118 - INFO - routers.router - Indexing complete.
2025-08-09 18:51:47,118 - INFO - routers.router - Processing question: What is the ideal spark plug gap recommeded
2025-08-09 18:51:47,119 - INFO - routers.router - Processing question: Does this comes in tubeless tyre version
2025-08-09 18:51:47,119 - INFO - routers.router - Processing question: Is it compulsoury to have a disc brake
2025-08-09 18:51:47,119 - INFO - routers.router - Processing question: Can I put thums up instead of oil
2025-08-09 18:51:47,119 - INFO - routers.router - Processing question: Give me JS code to generate a random number between 1 and 100
2025-08-09 18:51:47,120 - INFO - services.vectordb_manager - Querying collection '0e0f14a365...' for: 'Does this comes in tubeless tyre version...'
2025-08-09 18:51:47,122 - INFO - services.vectordb_manager - Querying collection '0e0f14a365...' for: 'Can I put thums up instead of oil...'
2025-08-09 18:51:47,121 - INFO - services.vectordb_manager - Querying collection '0e0f14a365...' for: 'Is it compulsoury to have a disc brake...'
2025-08-09 18:51:47,121 - INFO - services.vectordb_manager - Querying collection '0e0f14a365...' for: 'What is the ideal spark plug gap recomme...'
2025-08-09 18:51:47,123 - INFO - services.vectordb_manager - Querying collection '0e0f14a365...' for: 'Give me JS code to generate a random num...'
2025-08-09 18:51:51,754 - INFO - routers.router - All questions processed successfully.
2025-08-09 18:51:59,301 - INFO - routers.router - Authorization header: Bearer 39060f36f127a425dd18def07971689e5f43460ed969f36b2b52f5d2270a3677
2025-08-09 18:51:59,303 - INFO - services.vectordb_manager - Collection for namespace '147848df56...' not found.
2025-08-09 18:51:59,303 - INFO - routers.router - Received new request for document: https://hackrx.blob.core.windows.net/assets/Family%20Medicare%20Policy%20(UIN-%20UIIHLIP22070V042122)%201.pdf?sv=2023-01-03&st=2025-07-22T10%3A17%3A39Z&se=2025-08-23T10%3A17%3A00Z&sr=b&sp=r&sig=dA7BEMIZg3WcePcckBOb4QjfxK%2B4rIfxBs2%2F%2BNwoPjQ%3D
2025-08-09 18:51:59,303 - INFO - routers.router - Number of questions received: 3
2025-08-09 18:51:59,303 - INFO - routers.router - Indexing document for namespace: 147848df56be3956c043f085a76f486c2187cf42b510d28d86bb06b7ff4af0bb
2025-08-09 18:51:59,303 - INFO - services.file_loader - Downloading file from https://hackrx.blob.core.windows.net/assets/Family%20Medicare%20Policy%20(UIN-%20UIIHLIP22070V042122)%201.pdf?sv=2023-01-03&st=2025-07-22T10%3A17%3A39Z&se=2025-08-23T10%3A17%3A00Z&sr=b&sp=r&sig=dA7BEMIZg3WcePcckBOb4QjfxK%2B4rIfxBs2%2F%2BNwoPjQ%3D
2025-08-09 18:51:59,303 - INFO - services.pdf_loader - Downloading PDF
2025-08-09 18:51:59,682 - INFO - services.pdf_loader - PDF text extraction complete.
2025-08-09 18:51:59,695 - INFO - services.vectordb_manager - Indexing 114 chunks into collection: '147848df56...'
2025-08-09 18:52:04,153 - INFO - services.vectordb_manager - Indexing complete.
2025-08-09 18:52:04,155 - INFO - routers.router - Indexing complete.
2025-08-09 18:52:04,155 - INFO - routers.router - Processing question: Is Non-infective Arthritis covered?
2025-08-09 18:52:04,156 - INFO - routers.router - Processing question: I renewed my policy yesterday, and I have been a customer for the last 6 years. Can I raise a claim for Hydrocele?
2025-08-09 18:52:04,156 - INFO - routers.router - Processing question: Is abortion covered?
2025-08-09 18:52:04,157 - INFO - services.vectordb_manager - Querying collection '147848df56...' for: 'Is Non-infective Arthritis covered?...'
2025-08-09 18:52:04,158 - INFO - services.vectordb_manager - Querying collection '147848df56...' for: 'I renewed my policy yesterday, and I hav...'
2025-08-09 18:52:04,159 - INFO - services.vectordb_manager - Querying collection '147848df56...' for: 'Is abortion covered?...'
2025-08-09 18:52:08,461 - INFO - routers.router - All questions processed successfully.
2025-08-09 18:52:14,779 - INFO - routers.router - Authorization header: Bearer 39060f36f127a425dd18def07971689e5f43460ed969f36b2b52f5d2270a3677
2025-08-09 18:52:14,781 - INFO - services.vectordb_manager - Collection for namespace 'eb78d33f9f...' not found.
2025-08-09 18:52:14,781 - INFO - routers.router - Received new request for document: https://hackrx.blob.core.windows.net/assets/indian_constitution.pdf?sv=2023-01-03&st=2025-07-28T06%3A42%3A00Z&se=2026-11-29T06%3A42%3A00Z&sr=b&sp=r&sig=5Gs%2FOXqP3zY00lgciu4BZjDV5QjTDIx7fgnfdz6Pu24%3D
2025-08-09 18:52:14,781 - INFO - routers.router - Number of questions received: 10
2025-08-09 18:52:14,781 - INFO - routers.router - Indexing document for namespace: eb78d33f9f27f5a75f81f36e44b6ad01b1f0b2400cc42abc04e0caa348be4920
2025-08-09 18:52:14,781 - INFO - services.file_loader - Downloading file from https://hackrx.blob.core.windows.net/assets/indian_constitution.pdf?sv=2023-01-03&st=2025-07-28T06%3A42%3A00Z&se=2026-11-29T06%3A42%3A00Z&sr=b&sp=r&sig=5Gs%2FOXqP3zY00lgciu4BZjDV5QjTDIx7fgnfdz6Pu24%3D
2025-08-09 18:52:14,782 - INFO - services.pdf_loader - Downloading PDF
2025-08-09 18:52:15,899 - INFO - services.pdf_loader - PDF text extraction complete.
2025-08-09 18:52:15,931 - INFO - services.vectordb_manager - Indexing 937 chunks into collection: 'eb78d33f9f...'
2025-08-09 18:52:49,657 - INFO - services.vectordb_manager - Indexing complete.
2025-08-09 18:52:49,665 - INFO - routers.router - Indexing complete.
2025-08-09 18:52:49,665 - INFO - routers.router - Processing question: What is the official name of India according to Article 1 of the Constitution?
2025-08-09 18:52:49,665 - INFO - routers.router - Processing question: Which Article guarantees equality before the law and equal protection of laws to all persons?
2025-08-09 18:52:49,666 - INFO - routers.router - Processing question: What is abolished by Article 17 of the Constitution?
2025-08-09 18:52:49,666 - INFO - routers.router - Processing question: What are the key ideals mentioned in the Preamble of the Constitution of India?
2025-08-09 18:52:49,666 - INFO - routers.router - Processing question: Under which Article can Parliament alter the boundaries, area, or name of an existing State?
2025-08-09 18:52:49,666 - INFO - routers.router - Processing question: According to Article 24, children below what age are prohibited from working in hazardous industries like factories or mines?
2025-08-09 18:52:49,666 - INFO - routers.router - Processing question: What is the significance of Article 21 in the Indian Constitution?
2025-08-09 18:52:49,667 - INFO - services.vectordb_manager - Querying collection 'eb78d33f9f...' for: 'What is the official name of India accor...'
2025-08-09 18:52:49,669 - INFO - services.vectordb_manager - Querying collection 'eb78d33f9f...' for: 'Which Article guarantees equality before...'
2025-08-09 18:52:49,669 - INFO - services.vectordb_manager - Querying collection 'eb78d33f9f...' for: 'What is abolished by Article 17 of the C...'
2025-08-09 18:52:49,670 - INFO - services.vectordb_manager - Querying collection 'eb78d33f9f...' for: 'What are the key ideals mentioned in the...'
2025-08-09 18:52:49,672 - INFO - services.vectordb_manager - Querying collection 'eb78d33f9f...' for: 'Under which Article can Parliament alter...'
2025-08-09 18:52:49,674 - INFO - services.vectordb_manager - Querying collection 'eb78d33f9f...' for: 'What is the significance of Article 21 i...'
2025-08-09 18:52:49,673 - INFO - services.vectordb_manager - Querying collection 'eb78d33f9f...' for: 'According to Article 24, children below ...'
2025-08-09 18:52:51,934 - INFO - routers.router - Processing question: Article 15 prohibits discrimination on certain grounds. However, which groups can the State make special provisions for under this Article?
2025-08-09 18:52:51,935 - INFO - services.vectordb_manager - Querying collection 'eb78d33f9f...' for: 'Article 15 prohibits discrimination on c...'
2025-08-09 18:52:52,592 - INFO - routers.router - Processing question: Which Article allows Parliament to regulate the right of citizenship and override previous articles on citizenship (Articles 5 to 10)?
2025-08-09 18:52:52,592 - INFO - services.vectordb_manager - Querying collection 'eb78d33f9f...' for: 'Which Article allows Parliament to regul...'
2025-08-09 18:52:53,542 - INFO - routers.router - Processing question: What restrictions can the State impose on the right to freedom of speech under Article 19(2)?
2025-08-09 18:52:53,543 - INFO - services.vectordb_manager - Querying collection 'eb78d33f9f...' for: 'What restrictions can the State impose o...'
2025-08-09 18:52:56,718 - INFO - routers.router - All questions processed successfully.
2025-08-09 18:53:09,085 - INFO - routers.router - Authorization header: Bearer 39060f36f127a425dd18def07971689e5f43460ed969f36b2b52f5d2270a3677
2025-08-09 18:53:09,088 - INFO - services.vectordb_manager - Collection for 'eb78d33f9f...' found with 937 items. Indexed: True
2025-08-09 18:53:09,088 - INFO - routers.router - Received new request for document: https://hackrx.blob.core.windows.net/assets/indian_constitution.pdf?sv=2023-01-03&st=2025-07-28T06%3A42%3A00Z&se=2026-11-29T06%3A42%3A00Z&sr=b&sp=r&sig=5Gs%2FOXqP3zY00lgciu4BZjDV5QjTDIx7fgnfdz6Pu24%3D
2025-08-09 18:53:09,088 - INFO - routers.router - Number of questions received: 10
2025-08-09 18:53:09,089 - INFO - routers.router - Document already exists. Skipping indexing.
2025-08-09 18:53:09,089 - INFO - routers.router - Processing question: If my car is stolen, what case will it be in law?
2025-08-09 18:53:09,089 - INFO - routers.router - Processing question: If I am arrested without a warrant, is that legal?
2025-08-09 18:53:09,089 - INFO - routers.router - Processing question: If someone denies me a job because of my caste, is that allowed?
2025-08-09 18:53:09,089 - INFO - routers.router - Processing question: If the government takes my land for a project, can I stop it?
2025-08-09 18:53:09,089 - INFO - routers.router - Processing question: If my child is forced to work in a factory, is that legal?
2025-08-09 18:53:09,089 - INFO - routers.router - Processing question: If I am stopped from speaking at a protest, is that against my rights?
2025-08-09 18:53:09,089 - INFO - routers.router - Processing question: If a religious place stops me from entering because I'm a woman, is that constitutional?
2025-08-09 18:53:09,090 - INFO - services.vectordb_manager - Querying collection 'eb78d33f9f...' for: 'If my car is stolen, what case will it b...'
2025-08-09 18:53:09,091 - INFO - services.vectordb_manager - Querying collection 'eb78d33f9f...' for: 'If I am arrested without a warrant, is t...'
2025-08-09 18:53:09,093 - INFO - services.vectordb_manager - Querying collection 'eb78d33f9f...' for: 'If someone denies me a job because of my...'
2025-08-09 18:53:09,094 - INFO - services.vectordb_manager - Querying collection 'eb78d33f9f...' for: 'If the government takes my land for a pr...'
2025-08-09 18:53:09,095 - INFO - services.vectordb_manager - Querying collection 'eb78d33f9f...' for: 'If my child is forced to work in a facto...'
2025-08-09 18:53:09,096 - INFO - services.vectordb_manager - Querying collection 'eb78d33f9f...' for: 'If I am stopped from speaking at a prote...'
2025-08-09 18:53:09,096 - INFO - services.vectordb_manager - Querying collection 'eb78d33f9f...' for: 'If a religious place stops me from enter...'
2025-08-09 18:53:11,563 - INFO - routers.router - Processing question: If I change my religion, can the government stop me?
2025-08-09 18:53:11,564 - INFO - services.vectordb_manager - Querying collection 'eb78d33f9f...' for: 'If I change my religion, can the governm...'
2025-08-09 18:53:12,002 - INFO - routers.router - Processing question: If the police torture someone in custody, what right is being violated?
2025-08-09 18:53:12,002 - INFO - services.vectordb_manager - Querying collection 'eb78d33f9f...' for: 'If the police torture someone in custody...'
2025-08-09 18:53:12,432 - INFO - routers.router - Processing question: If I'm denied admission to a public university because I'm from a backward community, can I do something?
2025-08-09 18:53:12,433 - INFO - services.vectordb_manager - Querying collection 'eb78d33f9f...' for: 'If I'm denied admission to a public univ...'
2025-08-09 18:53:16,404 - INFO - routers.router - All questions processed successfully.
2025-08-09 18:53:28,356 - INFO - routers.router - Authorization header: Bearer 39060f36f127a425dd18def07971689e5f43460ed969f36b2b52f5d2270a3677
2025-08-09 18:53:28,359 - INFO - services.vectordb_manager - Collection for namespace 'cdffefe2dd...' not found.
2025-08-09 18:53:28,359 - INFO - routers.router - Received new request for document: https://hackrx.blob.core.windows.net/assets/principia_newton.pdf?sv=2023-01-03&st=2025-07-28T07%3A20%3A32Z&se=2026-07-29T07%3A20%3A00Z&sr=b&sp=r&sig=V5I1QYyigoxeUMbnUKsdEaST99F5%2FDfo7wpKg9XXF5w%3D
2025-08-09 18:53:28,359 - INFO - routers.router - Number of questions received: 12
2025-08-09 18:53:28,359 - INFO - routers.router - Indexing document for namespace: cdffefe2dd73c7fa1bfecd4ae3744ca9f4bfd5fee0646d374daaf2eef5ed5ad4
2025-08-09 18:53:28,360 - INFO - services.file_loader - Downloading file from https://hackrx.blob.core.windows.net/assets/principia_newton.pdf?sv=2023-01-03&st=2025-07-28T07%3A20%3A32Z&se=2026-07-29T07%3A20%3A00Z&sr=b&sp=r&sig=V5I1QYyigoxeUMbnUKsdEaST99F5%2FDfo7wpKg9XXF5w%3D
2025-08-09 18:53:28,360 - INFO - services.pdf_loader - Downloading PDF
2025-08-09 18:53:30,346 - INFO - services.pdf_loader - PDF text extraction complete.
2025-08-09 18:53:30,405 - INFO - services.vectordb_manager - Indexing 2087 chunks into collection: 'cdffefe2dd...'
2025-08-09 18:54:45,753 - INFO - services.vectordb_manager - Indexing complete.
2025-08-09 18:54:45,773 - INFO - routers.router - Indexing complete.
2025-08-09 18:54:45,773 - INFO - routers.router - Processing question: How does Newton define 'quantity of motion' and how is it distinct from 'force'?
2025-08-09 18:54:45,773 - INFO - routers.router - Processing question: According to Newton, what are the three laws of motion and how do they apply in celestial mechanics?
2025-08-09 18:54:45,773 - INFO - routers.router - Processing question: How does Newton derive Kepler's Second Law (equal areas in equal times) from his laws of motion and gravitation?
2025-08-09 18:54:45,773 - INFO - routers.router - Processing question: How does Newton demonstrate that gravity is inversely proportional to the square of the distance between two masses?
2025-08-09 18:54:45,773 - INFO - routers.router - Processing question: What is Newton's argument for why gravitational force must act on all masses universally?
2025-08-09 18:54:45,773 - INFO - routers.router - Processing question: How does Newton explain the perturbation of planetary orbits due to other planets?
2025-08-09 18:54:45,774 - INFO - routers.router - Processing question: What mathematical tools did Newton use in Principia that were precursors to calculus, and why didn't he use standard calculus notation?
2025-08-09 18:54:45,775 - INFO - services.vectordb_manager - Querying collection 'cdffefe2dd...' for: 'How does Newton define 'quantity of moti...'
2025-08-09 18:54:45,776 - INFO - services.vectordb_manager - Querying collection 'cdffefe2dd...' for: 'According to Newton, what are the three ...'
2025-08-09 18:54:45,777 - INFO - services.vectordb_manager - Querying collection 'cdffefe2dd...' for: 'How does Newton derive Kepler's Second L...'
2025-08-09 18:54:45,778 - INFO - services.vectordb_manager - Querying collection 'cdffefe2dd...' for: 'How does Newton demonstrate that gravity...'
2025-08-09 18:54:45,781 - INFO - services.vectordb_manager - Querying collection 'cdffefe2dd...' for: 'What is Newton's argument for why gravit...'
2025-08-09 18:54:45,782 - INFO - services.vectordb_manager - Querying collection 'cdffefe2dd...' for: 'How does Newton explain the perturbation...'
2025-08-09 18:54:45,783 - INFO - services.vectordb_manager - Querying collection 'cdffefe2dd...' for: 'What mathematical tools did Newton use i...'
2025-08-09 18:54:47,400 - INFO - routers.router - Processing question: How does Newton use the concept of centripetal force to explain orbital motion?
2025-08-09 18:54:47,401 - INFO - services.vectordb_manager - Querying collection 'cdffefe2dd...' for: 'How does Newton use the concept of centr...'
2025-08-09 18:54:47,504 - INFO - routers.router - Processing question: How does Newton handle motion in resisting media, such as air or fluids?
2025-08-09 18:54:47,505 - INFO - services.vectordb_manager - Querying collection 'cdffefe2dd...' for: 'How does Newton handle motion in resisti...'
2025-08-09 18:54:47,878 - INFO - routers.router - Processing question: In what way does Newton's notion of absolute space and time differ from relative motion, and how does it support his laws?
2025-08-09 18:54:47,879 - INFO - services.vectordb_manager - Querying collection 'cdffefe2dd...' for: 'In what way does Newton's notion of abso...'
2025-08-09 18:54:48,264 - INFO - routers.router - Processing question: Who was the grandfather of Isaac Newton?
2025-08-09 18:54:48,265 - INFO - services.vectordb_manager - Querying collection 'cdffefe2dd...' for: 'Who was the grandfather of Isaac Newton?...'
2025-08-09 18:54:48,287 - INFO - routers.router - Processing question: Do we know any other descent of Isaac Newton apart from his grandfather?
2025-08-09 18:54:48,288 - INFO - services.vectordb_manager - Querying collection 'cdffefe2dd...' for: 'Do we know any other descent of Isaac Ne...'
2025-08-09 18:54:50,420 - INFO - routers.router - All questions processed successfully.